<?xml version="1.0" encoding="UTF-8"?>
<!-- Generated by org.testng.reporters.JUnitXMLReporter -->
<testsuite ignored="0" hostname="idea-PC" failures="0" tests="1" name="Test" time="0.173" errors="0" timestamp="2022-06-07T22:22:28 IST">
  <testcase classname="com.crm.practice.SeleniumGridPractice" name="@BeforeClass launchBrowserInRemoteachine" time="-1.654620748738E9">
    <failure type="org.testng.TestNGException" message="
Can inject only one of &amp;lt;ITestContext, XmlTest&amp;gt; into a @BeforeClass annotated launchBrowserInRemoteachine.
For more information on native dependency injection please refer to https://testng.org/doc/documentation-main.html#native-dependency-injection">
      <![CDATA[org.testng.TestNGException: 
Can inject only one of <ITestContext, XmlTest> into a @BeforeClass annotated launchBrowserInRemoteachine.
For more information on native dependency injection please refer to https://testng.org/doc/documentation-main.html#native-dependency-injection
at java.base/java.util.ArrayList.forEach(ArrayList.java:1511)
... Removed 22 stack frames]]>
    </failure>
  </testcase> <!-- @BeforeClass launchBrowserInRemoteachine -->
  <testcase classname="com.crm.practice.SeleniumGridPractice" name="launchApplication" time="0.0">
    <skipped/>
  </testcase> <!-- launchApplication -->
</testsuite> <!-- Test -->
