<?xml version="1.0" encoding="UTF-8"?>
<testng-results ignored="0" total="2" passed="2" failed="0" skipped="0">
  <reporter-output>
  </reporter-output>
  <suite started-at="2022-06-08T23:03:37 IST" name="Suite" finished-at="2022-06-08T23:04:28 IST" duration-ms="51494">
    <groups>
    </groups>
    <test started-at="2022-06-08T23:03:37 IST" name="Test-Runner1" finished-at="2022-06-08T23:04:01 IST" duration-ms="23992">
      <class name="com.crm.practice.SeleniumGridPractice">
        <test-method signature="launchBrowserInRemoteachine(java.lang.String)[pri:0, instance:com.crm.practice.SeleniumGridPractice@5ace1ed4]" started-at="2022-06-08T23:03:37 IST" name="launchBrowserInRemoteachine" finished-at="2022-06-08T23:04:01 IST" duration-ms="23936" status="PASS">
          <params>
            <param index="0">
              <value>
                <![CDATA[chrome]]>
              </value>
            </param>
          </params>
          <reporter-output>
          </reporter-output>
        </test-method> <!-- launchBrowserInRemoteachine -->
      </class> <!-- com.crm.practice.SeleniumGridPractice -->
    </test> <!-- Test-Runner1 -->
    <test started-at="2022-06-08T23:03:37 IST" name="Test-Runner2" finished-at="2022-06-08T23:04:28 IST" duration-ms="51494">
      <class name="com.crm.practice.SeleniumGridPractice">
        <test-method signature="launchBrowserInRemoteachine(java.lang.String)[pri:0, instance:com.crm.practice.SeleniumGridPractice@6283d8b8]" started-at="2022-06-08T23:03:37 IST" name="launchBrowserInRemoteachine" finished-at="2022-06-08T23:04:28 IST" duration-ms="51339" status="PASS">
          <params>
            <param index="0">
              <value>
                <![CDATA[firefox]]>
              </value>
            </param>
          </params>
          <reporter-output>
          </reporter-output>
        </test-method> <!-- launchBrowserInRemoteachine -->
      </class> <!-- com.crm.practice.SeleniumGridPractice -->
    </test> <!-- Test-Runner2 -->
  </suite> <!-- Suite -->
</testng-results>
